2025-05-26 18:05:49.703 [main] INFO  at.fhtw.tourplanner.TourPlannerApplication - Starting Tour Planner Application
2025-05-26 18:05:49.713 [JavaFX Application Thread] INFO  at.fhtw.tourplanner.TourPlannerApplication - Initializing JavaFX application
2025-05-26 18:05:50.033 [JavaFX Application Thread] INFO  at.fhtw.tourplanner.bl.BL - Business Logic layer initialized
2025-05-26 18:05:50.034 [JavaFX Application Thread] INFO  at.fhtw.tourplanner.bl.TourService - Initializing tours with API data
2025-05-26 18:05:50.277 [JavaFX Application Thread] INFO  org.springframework.boot.SpringApplication - Starting application using Java 23.0.1 with PID 17352 (started by Andy in C:\Users\Andy\Desktop\SWEN2 Tourplanner\TourPlanner)
2025-05-26 18:05:50.279 [JavaFX Application Thread] INFO  org.springframework.boot.SpringApplication - No active profile set, falling back to 1 default profile: "default"
2025-05-26 18:05:51.190 [JavaFX Application Thread] INFO  com.zaxxer.hikari.HikariDataSource - HikariPool-1 - Starting...
2025-05-26 18:05:51.338 [JavaFX Application Thread] INFO  com.zaxxer.hikari.pool.HikariPool - HikariPool-1 - Added connection org.postgresql.jdbc.PgConnection@39372672
2025-05-26 18:05:51.338 [JavaFX Application Thread] INFO  com.zaxxer.hikari.HikariDataSource - HikariPool-1 - Start completed.
2025-05-26 18:05:51.370 [JavaFX Application Thread] WARN  org.hibernate.orm.deprecation - HHH90000025: PostgreSQLDialect does not need to be specified explicitly using 'hibernate.dialect' (remove the property setting and it will be selected by default)
2025-05-26 18:05:52.779 [JavaFX Application Thread] INFO  org.springframework.boot.SpringApplication - Started application in 2.7 seconds (process running for 4.008)
2025-05-26 18:05:52.782 [JavaFX Application Thread] INFO  at.fhtw.tourplanner.dal.DAL - DAL initialized, Spring Context retrieved.
2025-05-26 18:05:52.785 [JavaFX Application Thread] INFO  at.fhtw.tourplanner.dal.TourDao - TourDao initialized, TourRepository bean acquired.
2025-05-26 18:05:52.787 [JavaFX Application Thread] INFO  at.fhtw.tourplanner.dal.TourLogDao - TourLogDao initialized, TourLogRepository and TourRepository beans acquired.
2025-05-26 18:05:52.787 [JavaFX Application Thread] DEBUG at.fhtw.tourplanner.dal.DAL - TourDao and TourLogDao instantiated.
2025-05-26 18:05:52.787 [JavaFX Application Thread] DEBUG at.fhtw.tourplanner.dal.TourDao - Attempting to retrieve all tours.
2025-05-26 18:05:52.830 [JavaFX Application Thread] DEBUG org.hibernate.SQL - 
    select
        t1_0.id,
        t1_0.description,
        t1_0.estimated_time,
        t1_0.from_location,
        t1_0.name,
        t1_0.route_geo_json,
        t1_0.route_image_path,
        t1_0.to_location,
        t1_0.tour_distance,
        t1_0.transport_type 
    from
        tours t1_0
2025-05-26 18:05:52.844 [JavaFX Application Thread] INFO  at.fhtw.tourplanner.dal.TourDao - Retrieved 4 tours.
2025-05-26 18:05:52.845 [JavaFX Application Thread] INFO  at.fhtw.tourplanner.bl.TourService - Initialized 0 tours with API data
2025-05-26 18:05:52.845 [JavaFX Application Thread] DEBUG at.fhtw.tourplanner.dal.TourDao - Attempting to retrieve all tours.
2025-05-26 18:05:52.846 [JavaFX Application Thread] DEBUG org.hibernate.SQL - 
    select
        t1_0.id,
        t1_0.description,
        t1_0.estimated_time,
        t1_0.from_location,
        t1_0.name,
        t1_0.route_geo_json,
        t1_0.route_image_path,
        t1_0.to_location,
        t1_0.tour_distance,
        t1_0.transport_type 
    from
        tours t1_0
2025-05-26 18:05:52.847 [JavaFX Application Thread] INFO  at.fhtw.tourplanner.dal.TourDao - Retrieved 4 tours.
2025-05-26 18:05:52.882 [JavaFX Application Thread] INFO  at.fhtw.tourplanner.viewmodel.MainWindowViewModel - MainWindowViewModel initialized
2025-05-26 18:05:54.173 [JavaFX Application Thread] INFO  at.fhtw.tourplanner.view.MainWindowController - Initializing main window components
2025-05-26 18:05:54.196 [JavaFX Application Thread] INFO  at.fhtw.tourplanner.view.MainWindowController - Main window initialization completed successfully
2025-05-26 18:05:54.543 [JavaFX Application Thread] INFO  at.fhtw.tourplanner.TourPlannerApplication - Tour Planner Application started successfully
2025-05-26 18:05:59.207 [JavaFX Application Thread] DEBUG at.fhtw.tourplanner.dal.TourLogDao - Attempting to retrieve tour logs for tourId: 5
2025-05-26 18:05:59.237 [JavaFX Application Thread] DEBUG org.hibernate.SQL - 
    select
        tl1_0.id,
        tl1_0.comment,
        tl1_0.date_time,
        tl1_0.difficulty,
        tl1_0.rating,
        tl1_0.total_distance,
        tl1_0.total_time,
        tl1_0.tour_id 
    from
        tour_logs tl1_0 
    left join
        tours t1_0 
            on t1_0.id=tl1_0.tour_id 
    where
        t1_0.id=?
2025-05-26 18:05:59.244 [JavaFX Application Thread] INFO  at.fhtw.tourplanner.dal.TourLogDao - Retrieved 1 tour logs for tourId: 5.
2025-05-26 18:06:02.939 [JavaFX Application Thread] DEBUG at.fhtw.tourplanner.dal.TourLogDao - Attempting to retrieve tour logs for tourId: 3
2025-05-26 18:06:02.940 [JavaFX Application Thread] DEBUG org.hibernate.SQL - 
    select
        tl1_0.id,
        tl1_0.comment,
        tl1_0.date_time,
        tl1_0.difficulty,
        tl1_0.rating,
        tl1_0.total_distance,
        tl1_0.total_time,
        tl1_0.tour_id 
    from
        tour_logs tl1_0 
    left join
        tours t1_0 
            on t1_0.id=tl1_0.tour_id 
    where
        t1_0.id=?
2025-05-26 18:06:02.942 [JavaFX Application Thread] INFO  at.fhtw.tourplanner.dal.TourLogDao - Retrieved 1 tour logs for tourId: 3.
2025-05-26 18:06:11.416 [JavaFX Application Thread] DEBUG at.fhtw.tourplanner.dal.TourLogDao - Attempting to retrieve tour logs for tourId: 2
2025-05-26 18:06:11.417 [JavaFX Application Thread] DEBUG org.hibernate.SQL - 
    select
        tl1_0.id,
        tl1_0.comment,
        tl1_0.date_time,
        tl1_0.difficulty,
        tl1_0.rating,
        tl1_0.total_distance,
        tl1_0.total_time,
        tl1_0.tour_id 
    from
        tour_logs tl1_0 
    left join
        tours t1_0 
            on t1_0.id=tl1_0.tour_id 
    where
        t1_0.id=?
2025-05-26 18:06:11.418 [JavaFX Application Thread] INFO  at.fhtw.tourplanner.dal.TourLogDao - Retrieved 1 tour logs for tourId: 2.
2025-05-26 18:06:12.441 [JavaFX Application Thread] DEBUG at.fhtw.tourplanner.dal.TourLogDao - Attempting to retrieve tour logs for tourId: 1
2025-05-26 18:06:12.442 [JavaFX Application Thread] DEBUG org.hibernate.SQL - 
    select
        tl1_0.id,
        tl1_0.comment,
        tl1_0.date_time,
        tl1_0.difficulty,
        tl1_0.rating,
        tl1_0.total_distance,
        tl1_0.total_time,
        tl1_0.tour_id 
    from
        tour_logs tl1_0 
    left join
        tours t1_0 
            on t1_0.id=tl1_0.tour_id 
    where
        t1_0.id=?
2025-05-26 18:06:12.444 [JavaFX Application Thread] INFO  at.fhtw.tourplanner.dal.TourLogDao - Retrieved 2 tour logs for tourId: 1.
2025-05-26 18:06:13.703 [JavaFX Application Thread] INFO  at.fhtw.tourplanner.viewmodel.TourOverviewViewModel - Creating new tour
2025-05-26 18:06:13.703 [JavaFX Application Thread] DEBUG at.fhtw.tourplanner.dal.TourDao - Attempting to create a new tour.
2025-05-26 18:06:13.708 [JavaFX Application Thread] DEBUG org.hibernate.SQL - 
    select
        count(*) 
    from
        tours t1_0
2025-05-26 18:06:13.717 [JavaFX Application Thread] DEBUG org.hibernate.SQL - 
    insert 
    into
        tours
        (description, estimated_time, from_location, name, route_geo_json, route_image_path, to_location, tour_distance, transport_type) 
    values
        (?, ?, ?, ?, ?, ?, ?, ?, ?)
2025-05-26 18:06:13.732 [JavaFX Application Thread] INFO  at.fhtw.tourplanner.dal.TourDao - Successfully created new tour with id: 6
2025-05-26 18:06:13.732 [JavaFX Application Thread] DEBUG at.fhtw.tourplanner.dal.TourDao - Attempting to retrieve all tours.
2025-05-26 18:06:13.733 [JavaFX Application Thread] DEBUG org.hibernate.SQL - 
    select
        t1_0.id,
        t1_0.description,
        t1_0.estimated_time,
        t1_0.from_location,
        t1_0.name,
        t1_0.route_geo_json,
        t1_0.route_image_path,
        t1_0.to_location,
        t1_0.tour_distance,
        t1_0.transport_type 
    from
        tours t1_0
2025-05-26 18:06:13.734 [JavaFX Application Thread] INFO  at.fhtw.tourplanner.dal.TourDao - Retrieved 5 tours.
2025-05-26 18:06:13.736 [JavaFX Application Thread] DEBUG at.fhtw.tourplanner.dal.TourLogDao - Attempting to retrieve tour logs for tourId: 6
2025-05-26 18:06:13.737 [JavaFX Application Thread] DEBUG org.hibernate.SQL - 
    select
        tl1_0.id,
        tl1_0.comment,
        tl1_0.date_time,
        tl1_0.difficulty,
        tl1_0.rating,
        tl1_0.total_distance,
        tl1_0.total_time,
        tl1_0.tour_id 
    from
        tour_logs tl1_0 
    left join
        tours t1_0 
            on t1_0.id=tl1_0.tour_id 
    where
        t1_0.id=?
2025-05-26 18:06:13.737 [JavaFX Application Thread] INFO  at.fhtw.tourplanner.dal.TourLogDao - Retrieved 0 tour logs for tourId: 6.
2025-05-26 18:06:13.737 [JavaFX Application Thread] INFO  at.fhtw.tourplanner.viewmodel.TourOverviewViewModel - New tour created with ID: 6
2025-05-26 18:06:13.744 [JavaFX Application Thread] DEBUG at.fhtw.tourplanner.dal.TourLogDao - Attempting to retrieve tour logs for tourId: 1
2025-05-26 18:06:13.745 [JavaFX Application Thread] DEBUG org.hibernate.SQL - 
    select
        tl1_0.id,
        tl1_0.comment,
        tl1_0.date_time,
        tl1_0.difficulty,
        tl1_0.rating,
        tl1_0.total_distance,
        tl1_0.total_time,
        tl1_0.tour_id 
    from
        tour_logs tl1_0 
    left join
        tours t1_0 
            on t1_0.id=tl1_0.tour_id 
    where
        t1_0.id=?
2025-05-26 18:06:13.747 [JavaFX Application Thread] INFO  at.fhtw.tourplanner.dal.TourLogDao - Retrieved 2 tour logs for tourId: 1.
2025-05-26 18:06:13.759 [JavaFX Application Thread] DEBUG at.fhtw.tourplanner.dal.TourLogDao - Attempting to retrieve tour logs for tourId: 6
2025-05-26 18:06:13.760 [JavaFX Application Thread] DEBUG org.hibernate.SQL - 
    select
        tl1_0.id,
        tl1_0.comment,
        tl1_0.date_time,
        tl1_0.difficulty,
        tl1_0.rating,
        tl1_0.total_distance,
        tl1_0.total_time,
        tl1_0.tour_id 
    from
        tour_logs tl1_0 
    left join
        tours t1_0 
            on t1_0.id=tl1_0.tour_id 
    where
        t1_0.id=?
2025-05-26 18:06:13.761 [JavaFX Application Thread] INFO  at.fhtw.tourplanner.dal.TourLogDao - Retrieved 0 tour logs for tourId: 6.
2025-05-26 18:06:32.711 [JavaFX Application Thread] INFO  at.fhtw.tourplanner.viewmodel.TourDetailsViewModel - Saving tour: New Tour 5
2025-05-26 18:06:32.711 [JavaFX Application Thread] DEBUG at.fhtw.tourplanner.dal.TourDao - Attempting to retrieve tour with id: 6
2025-05-26 18:06:32.715 [JavaFX Application Thread] DEBUG org.hibernate.SQL - 
    select
        t1_0.id,
        t1_0.description,
        t1_0.estimated_time,
        t1_0.from_location,
        t1_0.name,
        t1_0.route_geo_json,
        t1_0.route_image_path,
        t1_0.to_location,
        t1_0.tour_distance,
        t1_0.transport_type 
    from
        tours t1_0 
    where
        t1_0.id=?
2025-05-26 18:06:32.715 [JavaFX Application Thread] INFO  at.fhtw.tourplanner.dal.TourDao - Retrieved tour with id: 6
2025-05-26 18:06:32.716 [JavaFX Application Thread] DEBUG at.fhtw.tourplanner.dal.TourDao - Attempting to update tour with id: 6
2025-05-26 18:06:32.716 [JavaFX Application Thread] DEBUG org.hibernate.SQL - 
    select
        t1_0.id,
        t1_0.description,
        t1_0.estimated_time,
        t1_0.from_location,
        t1_0.name,
        t1_0.route_geo_json,
        t1_0.route_image_path,
        t1_0.to_location,
        t1_0.tour_distance,
        t1_0.transport_type 
    from
        tours t1_0 
    where
        t1_0.id=?
2025-05-26 18:06:32.721 [JavaFX Application Thread] DEBUG org.hibernate.SQL - 
    select
        t1_0.id,
        t1_0.description,
        t1_0.estimated_time,
        t1_0.from_location,
        t1_0.name,
        t1_0.route_geo_json,
        t1_0.route_image_path,
        t1_0.to_location,
        t1_0.tour_distance,
        t1_0.transport_type,
        tl1_0.tour_id,
        tl1_0.id,
        tl1_0.comment,
        tl1_0.date_time,
        tl1_0.difficulty,
        tl1_0.rating,
        tl1_0.total_distance,
        tl1_0.total_time 
    from
        tours t1_0 
    left join
        tour_logs tl1_0 
            on t1_0.id=tl1_0.tour_id 
    where
        t1_0.id=?
2025-05-26 18:06:32.725 [JavaFX Application Thread] DEBUG org.hibernate.SQL - 
    update
        tours 
    set
        description=?,
        estimated_time=?,
        from_location=?,
        name=?,
        route_geo_json=?,
        route_image_path=?,
        to_location=?,
        tour_distance=?,
        transport_type=? 
    where
        id=?
2025-05-26 18:06:32.727 [JavaFX Application Thread] INFO  at.fhtw.tourplanner.dal.TourDao - Successfully updated tour with id: 6
2025-05-26 18:06:32.727 [JavaFX Application Thread] INFO  at.fhtw.tourplanner.bl.TourService - Updating route data for tour: New Tour 5
2025-05-26 18:06:33.586 [JavaFX Application Thread] INFO  at.fhtw.tourplanner.bl.OpenRouteServiceClient - Route calculated: Stadtlau, Vienna to Wien Mitte the Mall, Vienna - {:.1f}km, 7.317399999999999min
2025-05-26 18:06:33.593 [JavaFX Application Thread] DEBUG at.fhtw.tourplanner.dal.TourDao - Attempting to update tour with id: 6
2025-05-26 18:06:33.593 [JavaFX Application Thread] DEBUG org.hibernate.SQL - 
    select
        t1_0.id,
        t1_0.description,
        t1_0.estimated_time,
        t1_0.from_location,
        t1_0.name,
        t1_0.route_geo_json,
        t1_0.route_image_path,
        t1_0.to_location,
        t1_0.tour_distance,
        t1_0.transport_type 
    from
        tours t1_0 
    where
        t1_0.id=?
2025-05-26 18:06:33.595 [JavaFX Application Thread] DEBUG org.hibernate.SQL - 
    select
        t1_0.id,
        t1_0.description,
        t1_0.estimated_time,
        t1_0.from_location,
        t1_0.name,
        t1_0.route_geo_json,
        t1_0.route_image_path,
        t1_0.to_location,
        t1_0.tour_distance,
        t1_0.transport_type,
        tl1_0.tour_id,
        tl1_0.id,
        tl1_0.comment,
        tl1_0.date_time,
        tl1_0.difficulty,
        tl1_0.rating,
        tl1_0.total_distance,
        tl1_0.total_time 
    from
        tours t1_0 
    left join
        tour_logs tl1_0 
            on t1_0.id=tl1_0.tour_id 
    where
        t1_0.id=?
2025-05-26 18:06:33.597 [JavaFX Application Thread] DEBUG org.hibernate.SQL - 
    update
        tours 
    set
        description=?,
        estimated_time=?,
        from_location=?,
        name=?,
        route_geo_json=?,
        route_image_path=?,
        to_location=?,
        tour_distance=?,
        transport_type=? 
    where
        id=?
2025-05-26 18:06:33.599 [JavaFX Application Thread] INFO  at.fhtw.tourplanner.dal.TourDao - Successfully updated tour with id: 6
2025-05-26 18:06:33.599 [JavaFX Application Thread] INFO  at.fhtw.tourplanner.viewmodel.MainWindowViewModel - Tour updated: New Tour 5
2025-05-26 18:06:33.600 [JavaFX Application Thread] DEBUG at.fhtw.tourplanner.dal.TourDao - Attempting to retrieve all tours.
2025-05-26 18:06:33.601 [JavaFX Application Thread] DEBUG org.hibernate.SQL - 
    select
        t1_0.id,
        t1_0.description,
        t1_0.estimated_time,
        t1_0.from_location,
        t1_0.name,
        t1_0.route_geo_json,
        t1_0.route_image_path,
        t1_0.to_location,
        t1_0.tour_distance,
        t1_0.transport_type 
    from
        tours t1_0
2025-05-26 18:06:33.602 [JavaFX Application Thread] INFO  at.fhtw.tourplanner.dal.TourDao - Retrieved 5 tours.
2025-05-26 18:06:33.603 [JavaFX Application Thread] DEBUG at.fhtw.tourplanner.dal.TourLogDao - Attempting to retrieve tour logs for tourId: 6
2025-05-26 18:06:33.604 [JavaFX Application Thread] DEBUG org.hibernate.SQL - 
    select
        tl1_0.id,
        tl1_0.comment,
        tl1_0.date_time,
        tl1_0.difficulty,
        tl1_0.rating,
        tl1_0.total_distance,
        tl1_0.total_time,
        tl1_0.tour_id 
    from
        tour_logs tl1_0 
    left join
        tours t1_0 
            on t1_0.id=tl1_0.tour_id 
    where
        t1_0.id=?
2025-05-26 18:06:33.605 [JavaFX Application Thread] INFO  at.fhtw.tourplanner.dal.TourLogDao - Retrieved 0 tour logs for tourId: 6.
2025-05-26 18:06:33.605 [JavaFX Application Thread] INFO  at.fhtw.tourplanner.view.MainWindowController - Handling tour update: New Tour 5
2025-05-26 18:06:33.605 [JavaFX Application Thread] INFO  at.fhtw.tourplanner.viewmodel.TourDetailsViewModel - Tour saved successfully: New Tour 5
2025-05-26 18:06:33.621 [JavaFX Application Thread] DEBUG at.fhtw.tourplanner.dal.TourDao - Attempting to retrieve all tours.
2025-05-26 18:06:33.622 [JavaFX Application Thread] DEBUG org.hibernate.SQL - 
    select
        t1_0.id,
        t1_0.description,
        t1_0.estimated_time,
        t1_0.from_location,
        t1_0.name,
        t1_0.route_geo_json,
        t1_0.route_image_path,
        t1_0.to_location,
        t1_0.tour_distance,
        t1_0.transport_type 
    from
        tours t1_0
2025-05-26 18:06:33.624 [JavaFX Application Thread] INFO  at.fhtw.tourplanner.dal.TourDao - Retrieved 5 tours.
2025-05-26 18:06:33.624 [JavaFX Application Thread] DEBUG at.fhtw.tourplanner.dal.TourLogDao - Attempting to retrieve tour logs for tourId: 6
2025-05-26 18:06:33.625 [JavaFX Application Thread] DEBUG org.hibernate.SQL - 
    select
        tl1_0.id,
        tl1_0.comment,
        tl1_0.date_time,
        tl1_0.difficulty,
        tl1_0.rating,
        tl1_0.total_distance,
        tl1_0.total_time,
        tl1_0.tour_id 
    from
        tour_logs tl1_0 
    left join
        tours t1_0 
            on t1_0.id=tl1_0.tour_id 
    where
        t1_0.id=?
2025-05-26 18:06:33.626 [JavaFX Application Thread] INFO  at.fhtw.tourplanner.dal.TourLogDao - Retrieved 0 tour logs for tourId: 6.
2025-05-26 18:06:50.381 [JavaFX Application Thread] INFO  at.fhtw.tourplanner.TourPlannerApplication - Tour Planner Application shutting down
2025-05-26 18:06:50.398 [SpringApplicationShutdownHook] INFO  com.zaxxer.hikari.HikariDataSource - HikariPool-1 - Shutdown initiated...
2025-05-26 18:06:50.401 [SpringApplicationShutdownHook] INFO  com.zaxxer.hikari.HikariDataSource - HikariPool-1 - Shutdown completed.
